build/intermediates/manifest_merge_blame_file/debug/manifest-merger-blame-debug-report.txt
1<?xml version="1.0" encoding="utf-8"?>
2<manifest xmlns:android="http://schemas.android.com/apk/res/android"
3    package="com.example.stores"
4    android:versionCode="1"
5    android:versionName="1.0" >
6
7    <uses-sdk
8        android:minSdkVersion="21"
8-->src/main/AndroidManifest.xml
9        android:targetSdkVersion="30" />
9-->src/main/AndroidManifest.xml
10
11    <application
11-->src/main/AndroidManifest.xml:5:5-22:19
12        android:name="com.example.stores.StoreApplication"
12-->src/main/AndroidManifest.xml:6:9-41
13        android:allowBackup="true"
13-->src/main/AndroidManifest.xml:7:9-35
14        android:appComponentFactory="androidx.core.app.CoreComponentFactory"
14-->[androidx.core:core:1.5.0] AndroidManifest.xml:24:18-86
15        android:debuggable="true"
16        android:icon="@mipmap/ic_launcher"
16-->src/main/AndroidManifest.xml:8:9-43
17        android:label="@string/app_name"
17-->src/main/AndroidManifest.xml:9:9-41
18        android:roundIcon="@mipmap/ic_launcher_round"
18-->src/main/AndroidManifest.xml:10:9-54
19        android:supportsRtl="true"
19-->src/main/AndroidManifest.xml:11:9-35
20        android:testOnly="true"
21        android:theme="@style/Theme.Stores" >
21-->src/main/AndroidManifest.xml:12:9-44
22        <activity
22-->src/main/AndroidManifest.xml:13:9-21:20
23            android:name="com.example.stores.MainActivity"
23-->src/main/AndroidManifest.xml:14:13-41
24            android:exported="true" >
24-->src/main/AndroidManifest.xml:15:13-36
25            <intent-filter>
25-->src/main/AndroidManifest.xml:16:13-20:29
26                <action android:name="android.intent.action.MAIN" />
26-->src/main/AndroidManifest.xml:17:17-69
26-->src/main/AndroidManifest.xml:17:25-66
27
28                <category android:name="android.intent.category.LAUNCHER" />
28-->src/main/AndroidManifest.xml:19:17-77
28-->src/main/AndroidManifest.xml:19:27-74
29            </intent-filter>
30        </activity>
31
32        <service
32-->[androidx.room:room-runtime:2.3.0] AndroidManifest.xml:25:9-28:40
33            android:name="androidx.room.MultiInstanceInvalidationService"
33-->[androidx.room:room-runtime:2.3.0] AndroidManifest.xml:26:13-74
34            android:directBootAware="true"
34-->[androidx.room:room-runtime:2.3.0] AndroidManifest.xml:27:13-43
35            android:exported="false" />
35-->[androidx.room:room-runtime:2.3.0] AndroidManifest.xml:28:13-37
36    </application>
37
38</manifest>